<?xml version="1.0" encoding="UTF-8"?>
<testsuite name="com.example.forum.ForumApplicationTests" tests="1" skipped="0" failures="0" errors="0" timestamp="2022-07-27T08:11:05" hostname="akash-Latitude-3420" time="0.282">
  <properties/>
  <testcase name="contextLoads()" classname="com.example.forum.ForumApplicationTests" time="0.282"/>
  <system-out><![CDATA[13:41:02.936 [Test worker] DEBUG org.springframework.test.context.BootstrapUtils - Instantiating CacheAwareContextLoaderDelegate from class [org.springframework.test.context.cache.DefaultCacheAwareContextLoaderDelegate]
13:41:02.945 [Test worker] DEBUG org.springframework.test.context.BootstrapUtils - Instantiating BootstrapContext using constructor [public org.springframework.test.context.support.DefaultBootstrapContext(java.lang.Class,org.springframework.test.context.CacheAwareContextLoaderDelegate)]
13:41:02.975 [Test worker] DEBUG org.springframework.test.context.BootstrapUtils - Instantiating TestContextBootstrapper for test class [com.example.forum.ForumApplicationTests] from class [org.springframework.boot.test.context.SpringBootTestContextBootstrapper]
13:41:02.985 [Test worker] INFO org.springframework.boot.test.context.SpringBootTestContextBootstrapper - Neither @ContextConfiguration nor @ContextHierarchy found for test class [com.example.forum.ForumApplicationTests], using SpringBootContextLoader
13:41:02.987 [Test worker] DEBUG org.springframework.test.context.support.AbstractContextLoader - Did not detect default resource location for test class [com.example.forum.ForumApplicationTests]: class path resource [com/example/forum/ForumApplicationTests-context.xml] does not exist
13:41:02.988 [Test worker] DEBUG org.springframework.test.context.support.AbstractContextLoader - Did not detect default resource location for test class [com.example.forum.ForumApplicationTests]: class path resource [com/example/forum/ForumApplicationTestsContext.groovy] does not exist
13:41:02.988 [Test worker] INFO org.springframework.test.context.support.AbstractContextLoader - Could not detect default resource locations for test class [com.example.forum.ForumApplicationTests]: no resource found for suffixes {-context.xml, Context.groovy}.
13:41:02.988 [Test worker] INFO org.springframework.test.context.support.AnnotationConfigContextLoaderUtils - Could not detect default configuration classes for test class [com.example.forum.ForumApplicationTests]: ForumApplicationTests does not declare any static, non-private, non-final, nested classes annotated with @Configuration.
13:41:03.021 [Test worker] DEBUG org.springframework.test.context.support.ActiveProfilesUtils - Could not find an 'annotation declaring class' for annotation type [org.springframework.test.context.ActiveProfiles] and class [com.example.forum.ForumApplicationTests]
13:41:03.067 [Test worker] DEBUG org.springframework.context.annotation.ClassPathScanningCandidateComponentProvider - Identified candidate component class: file [/home/akash/hood-forum/backend/build/classes/java/main/com/example/forum/ForumApplication.class]
13:41:03.068 [Test worker] INFO org.springframework.boot.test.context.SpringBootTestContextBootstrapper - Found @SpringBootConfiguration com.example.forum.ForumApplication for test class com.example.forum.ForumApplicationTests
13:41:03.123 [Test worker] DEBUG org.springframework.boot.test.context.SpringBootTestContextBootstrapper - @TestExecutionListeners is not present for class [com.example.forum.ForumApplicationTests]: using defaults.
13:41:03.123 [Test worker] INFO org.springframework.boot.test.context.SpringBootTestContextBootstrapper - Loaded default TestExecutionListener class names from location [META-INF/spring.factories]: [org.springframework.boot.test.autoconfigure.restdocs.RestDocsTestExecutionListener, org.springframework.boot.test.autoconfigure.web.client.MockRestServiceServerResetTestExecutionListener, org.springframework.boot.test.autoconfigure.web.servlet.MockMvcPrintOnlyOnFailureTestExecutionListener, org.springframework.boot.test.autoconfigure.web.servlet.WebDriverTestExecutionListener, org.springframework.boot.test.autoconfigure.webservices.client.MockWebServiceServerTestExecutionListener, org.springframework.boot.test.mock.mockito.MockitoTestExecutionListener, org.springframework.boot.test.mock.mockito.ResetMocksTestExecutionListener, org.springframework.test.context.web.ServletTestExecutionListener, org.springframework.test.context.support.DirtiesContextBeforeModesTestExecutionListener, org.springframework.test.context.event.ApplicationEventsTestExecutionListener, org.springframework.test.context.support.DependencyInjectionTestExecutionListener, org.springframework.test.context.support.DirtiesContextTestExecutionListener, org.springframework.test.context.transaction.TransactionalTestExecutionListener, org.springframework.test.context.jdbc.SqlScriptsTestExecutionListener, org.springframework.test.context.event.EventPublishingTestExecutionListener]
13:41:03.132 [Test worker] INFO org.springframework.boot.test.context.SpringBootTestContextBootstrapper - Using TestExecutionListeners: [org.springframework.test.context.web.ServletTestExecutionListener@5b43fbf6, org.springframework.test.context.support.DirtiesContextBeforeModesTestExecutionListener@1080b026, org.springframework.test.context.event.ApplicationEventsTestExecutionListener@58ebfd03, org.springframework.boot.test.mock.mockito.MockitoTestExecutionListener@5b07730f, org.springframework.boot.test.autoconfigure.SpringBootDependencyInjectionTestExecutionListener@1fdfafd2, org.springframework.test.context.support.DirtiesContextTestExecutionListener@a4b2d8f, org.springframework.test.context.transaction.TransactionalTestExecutionListener@dcfda20, org.springframework.test.context.jdbc.SqlScriptsTestExecutionListener@6d304f9d, org.springframework.test.context.event.EventPublishingTestExecutionListener@f73dcd6, org.springframework.boot.test.autoconfigure.restdocs.RestDocsTestExecutionListener@5c87bfe2, org.springframework.boot.test.autoconfigure.web.client.MockRestServiceServerResetTestExecutionListener@2fea7088, org.springframework.boot.test.autoconfigure.web.servlet.MockMvcPrintOnlyOnFailureTestExecutionListener@40499e4f, org.springframework.boot.test.autoconfigure.web.servlet.WebDriverTestExecutionListener@51cd7ffc, org.springframework.boot.test.autoconfigure.webservices.client.MockWebServiceServerTestExecutionListener@30d4b288, org.springframework.boot.test.mock.mockito.ResetMocksTestExecutionListener@4cc6fa2a]
13:41:03.134 [Test worker] DEBUG org.springframework.test.context.support.AbstractDirtiesContextTestExecutionListener - Before test class: context [DefaultTestContext@3b220bcb testClass = ForumApplicationTests, testInstance = [null], testMethod = [null], testException = [null], mergedContextConfiguration = [WebMergedContextConfiguration@2b95e48b testClass = ForumApplicationTests, locations = '{}', classes = '{class com.example.forum.ForumApplication}', contextInitializerClasses = '[]', activeProfiles = '{}', propertySourceLocations = '{}', propertySourceProperties = '{org.springframework.boot.test.context.SpringBootTestContextBootstrapper=true}', contextCustomizers = set[org.springframework.boot.test.autoconfigure.actuate.metrics.MetricsExportContextCustomizerFactory$DisableMetricExportContextCustomizer@79dc5318, org.springframework.boot.test.autoconfigure.properties.PropertyMappingContextCustomizer@0, org.springframework.boot.test.autoconfigure.web.servlet.WebDriverContextCustomizerFactory$Customizer@51549490, org.springframework.boot.test.context.filter.ExcludeFilterContextCustomizer@7daa0fbd, org.springframework.boot.test.json.DuplicateJsonObjectContextCustomizerFactory$DuplicateJsonObjectContextCustomizer@6f44a157, org.springframework.boot.test.mock.mockito.MockitoContextCustomizer@0, org.springframework.boot.test.web.client.TestRestTemplateContextCustomizer@c7ba306, org.springframework.boot.test.context.SpringBootTestArgs@1, org.springframework.boot.test.context.SpringBootTestWebEnvironment@75db5df9], resourceBasePath = 'src/main/webapp', contextLoader = 'org.springframework.boot.test.context.SpringBootContextLoader', parent = [null]], attributes = map['org.springframework.test.context.web.ServletTestExecutionListener.activateListener' -> true]], class annotated with @DirtiesContext [false] with mode [null].

  .   ____          _            __ _ _
 /\\ / ___'_ __ _ _(_)_ __  __ _ \ \ \ \
( ( )\___ | '_ | '_| | '_ \/ _` | \ \ \ \
 \\/  ___)| |_)| | | | | || (_| |  ) ) ) )
  '  |____| .__|_| |_|_| |_\__, | / / / /
 =========|_|==============|___/=/_/_/_/
 :: Spring Boot ::                (v2.7.1)

2022-07-27 13:41:03.353  INFO 154111 --- [    Test worker] com.example.forum.ForumApplicationTests  : Starting ForumApplicationTests using Java 17.0.3 on akash-Latitude-3420 with PID 154111 (started by akash in /home/akash/hood-forum/backend)
2022-07-27 13:41:03.355  INFO 154111 --- [    Test worker] com.example.forum.ForumApplicationTests  : No active profile set, falling back to 1 default profile: "default"
2022-07-27 13:41:03.853  INFO 154111 --- [    Test worker] .s.d.r.c.RepositoryConfigurationDelegate : Bootstrapping Spring Data MongoDB repositories in DEFAULT mode.
2022-07-27 13:41:03.896  INFO 154111 --- [    Test worker] .s.d.r.c.RepositoryConfigurationDelegate : Finished Spring Data repository scanning in 39 ms. Found 3 MongoDB repository interfaces.
2022-07-27 13:41:04.289  INFO 154111 --- [    Test worker] org.mongodb.driver.client                : MongoClient with metadata {"driver": {"name": "mongo-java-driver|sync|spring-boot", "version": "4.6.1"}, "os": {"type": "Linux", "name": "Linux", "architecture": "amd64", "version": "5.14.0-1045-oem"}, "platform": "Java/Private Build/17.0.3+7-Ubuntu-0ubuntu0.20.04.1"} created with settings MongoClientSettings{readPreference=primary, writeConcern=WriteConcern{w=null, wTimeout=null ms, journal=null}, retryWrites=true, retryReads=true, readConcern=ReadConcern{level=null}, credential=MongoCredential{mechanism=null, userName='user_83', source='admin', password=<hidden>, mechanismProperties=<hidden>}, streamFactoryFactory=null, commandListeners=[], codecRegistry=ProvidersCodecRegistry{codecProviders=[ValueCodecProvider{}, BsonValueCodecProvider{}, DBRefCodecProvider{}, DBObjectCodecProvider{}, DocumentCodecProvider{}, IterableCodecProvider{}, MapCodecProvider{}, GeoJsonCodecProvider{}, GridFSFileCodecProvider{}, Jsr310CodecProvider{}, JsonObjectCodecProvider{}, BsonCodecProvider{}, EnumCodecProvider{}, com.mongodb.Jep395RecordCodecProvider@3d24420b]}, clusterSettings={hosts=[127.0.0.1:27017], srvHost=cluster1.fnugi.mongodb.net, srvServiceName=mongodb, mode=MULTIPLE, requiredClusterType=REPLICA_SET, requiredReplicaSetName='atlas-pkghpa-shard-0', serverSelector='null', clusterListeners='[]', serverSelectionTimeout='30000 ms', localThreshold='30000 ms'}, socketSettings=SocketSettings{connectTimeoutMS=10000, readTimeoutMS=0, receiveBufferSize=0, sendBufferSize=0}, heartbeatSocketSettings=SocketSettings{connectTimeoutMS=10000, readTimeoutMS=10000, receiveBufferSize=0, sendBufferSize=0}, connectionPoolSettings=ConnectionPoolSettings{maxSize=100, minSize=0, maxWaitTimeMS=120000, maxConnectionLifeTimeMS=0, maxConnectionIdleTimeMS=0, maintenanceInitialDelayMS=0, maintenanceFrequencyMS=60000, connectionPoolListeners=[], maxConnecting=2}, serverSettings=ServerSettings{heartbeatFrequencyMS=10000, minHeartbeatFrequencyMS=500, serverListeners='[]', serverMonitorListeners='[]'}, sslSettings=SslSettings{enabled=true, invalidHostNameAllowed=false, context=null}, applicationName='null', compressorList=[], uuidRepresentation=JAVA_LEGACY, serverApi=null, autoEncryptionSettings=null, contextProvider=null}
2022-07-27 13:41:04.332  INFO 154111 --- [ugi.mongodb.net] org.mongodb.driver.cluster               : Adding discovered server cluster1-shard-00-00.fnugi.mongodb.net:27017 to client view of cluster
2022-07-27 13:41:04.354  INFO 154111 --- [ugi.mongodb.net] org.mongodb.driver.cluster               : Adding discovered server cluster1-shard-00-02.fnugi.mongodb.net:27017 to client view of cluster
2022-07-27 13:41:04.355  INFO 154111 --- [ugi.mongodb.net] org.mongodb.driver.cluster               : Adding discovered server cluster1-shard-00-01.fnugi.mongodb.net:27017 to client view of cluster
2022-07-27 13:41:04.856  INFO 154111 --- [ngodb.net:27017] org.mongodb.driver.connection            : Opened connection [connectionId{localValue:4, serverValue:66115}] to cluster1-shard-00-02.fnugi.mongodb.net:27017
2022-07-27 13:41:04.857  INFO 154111 --- [ngodb.net:27017] org.mongodb.driver.connection            : Opened connection [connectionId{localValue:3, serverValue:66115}] to cluster1-shard-00-02.fnugi.mongodb.net:27017
2022-07-27 13:41:04.858  INFO 154111 --- [ngodb.net:27017] org.mongodb.driver.connection            : Opened connection [connectionId{localValue:2, serverValue:65721}] to cluster1-shard-00-00.fnugi.mongodb.net:27017
2022-07-27 13:41:04.859  INFO 154111 --- [ngodb.net:27017] org.mongodb.driver.connection            : Opened connection [connectionId{localValue:6, serverValue:65721}] to cluster1-shard-00-00.fnugi.mongodb.net:27017
2022-07-27 13:41:04.859  INFO 154111 --- [ngodb.net:27017] org.mongodb.driver.connection            : Opened connection [connectionId{localValue:1, serverValue:65070}] to cluster1-shard-00-01.fnugi.mongodb.net:27017
2022-07-27 13:41:04.863  INFO 154111 --- [ngodb.net:27017] org.mongodb.driver.connection            : Opened connection [connectionId{localValue:5, serverValue:65070}] to cluster1-shard-00-01.fnugi.mongodb.net:27017
2022-07-27 13:41:04.868  INFO 154111 --- [ngodb.net:27017] org.mongodb.driver.cluster               : Monitor thread successfully connected to server with description ServerDescription{address=cluster1-shard-00-00.fnugi.mongodb.net:27017, type=REPLICA_SET_SECONDARY, state=CONNECTED, ok=true, minWireVersion=0, maxWireVersion=13, maxDocumentSize=16777216, logicalSessionTimeoutMinutes=30, roundTripTimeNanos=234241432, setName='atlas-pkghpa-shard-0', canonicalAddress=cluster1-shard-00-00.fnugi.mongodb.net:27017, hosts=[cluster1-shard-00-01.fnugi.mongodb.net:27017, cluster1-shard-00-02.fnugi.mongodb.net:27017, cluster1-shard-00-00.fnugi.mongodb.net:27017], passives=[], arbiters=[], primary='cluster1-shard-00-02.fnugi.mongodb.net:27017', tagSet=TagSet{[Tag{name='nodeType', value='ELECTABLE'}, Tag{name='provider', value='AWS'}, Tag{name='region', value='AP_SOUTH_1'}, Tag{name='workloadType', value='OPERATIONAL'}]}, electionId=null, setVersion=7, topologyVersion=TopologyVersion{processId=62deaa9c297ba65be30fe2b3, counter=4}, lastWriteDate=Wed Jul 27 13:41:04 IST 2022, lastUpdateTimeNanos=49885890517995}
2022-07-27 13:41:04.868  INFO 154111 --- [ngodb.net:27017] org.mongodb.driver.cluster               : Monitor thread successfully connected to server with description ServerDescription{address=cluster1-shard-00-02.fnugi.mongodb.net:27017, type=REPLICA_SET_PRIMARY, state=CONNECTED, ok=true, minWireVersion=0, maxWireVersion=13, maxDocumentSize=16777216, logicalSessionTimeoutMinutes=30, roundTripTimeNanos=238075604, setName='atlas-pkghpa-shard-0', canonicalAddress=cluster1-shard-00-02.fnugi.mongodb.net:27017, hosts=[cluster1-shard-00-01.fnugi.mongodb.net:27017, cluster1-shard-00-02.fnugi.mongodb.net:27017, cluster1-shard-00-00.fnugi.mongodb.net:27017], passives=[], arbiters=[], primary='cluster1-shard-00-02.fnugi.mongodb.net:27017', tagSet=TagSet{[Tag{name='nodeType', value='ELECTABLE'}, Tag{name='provider', value='AWS'}, Tag{name='region', value='AP_SOUTH_1'}, Tag{name='workloadType', value='OPERATIONAL'}]}, electionId=7fffffff000000000000011c, setVersion=7, topologyVersion=TopologyVersion{processId=62deac1eb8c3db6cab1b733d, counter=6}, lastWriteDate=Wed Jul 27 13:41:04 IST 2022, lastUpdateTimeNanos=49885887889712}
2022-07-27 13:41:04.868  INFO 154111 --- [ngodb.net:27017] org.mongodb.driver.cluster               : Monitor thread successfully connected to server with description ServerDescription{address=cluster1-shard-00-01.fnugi.mongodb.net:27017, type=REPLICA_SET_SECONDARY, state=CONNECTED, ok=true, minWireVersion=0, maxWireVersion=13, maxDocumentSize=16777216, logicalSessionTimeoutMinutes=30, roundTripTimeNanos=238060809, setName='atlas-pkghpa-shard-0', canonicalAddress=cluster1-shard-00-01.fnugi.mongodb.net:27017, hosts=[cluster1-shard-00-01.fnugi.mongodb.net:27017, cluster1-shard-00-02.fnugi.mongodb.net:27017, cluster1-shard-00-00.fnugi.mongodb.net:27017], passives=[], arbiters=[], primary='cluster1-shard-00-02.fnugi.mongodb.net:27017', tagSet=TagSet{[Tag{name='nodeType', value='ELECTABLE'}, Tag{name='provider', value='AWS'}, Tag{name='region', value='AP_SOUTH_1'}, Tag{name='workloadType', value='OPERATIONAL'}]}, electionId=null, setVersion=7, topologyVersion=TopologyVersion{processId=62dead76b59b603d0688a05f, counter=3}, lastWriteDate=Wed Jul 27 13:41:04 IST 2022, lastUpdateTimeNanos=49885887874693}
2022-07-27 13:41:04.872  INFO 154111 --- [ngodb.net:27017] org.mongodb.driver.cluster               : Setting max election id to 7fffffff000000000000011c from replica set primary cluster1-shard-00-02.fnugi.mongodb.net:27017
2022-07-27 13:41:04.872  INFO 154111 --- [ngodb.net:27017] org.mongodb.driver.cluster               : Setting max set version to 7 from replica set primary cluster1-shard-00-02.fnugi.mongodb.net:27017
2022-07-27 13:41:04.872  INFO 154111 --- [ngodb.net:27017] org.mongodb.driver.cluster               : Discovered replica set primary cluster1-shard-00-02.fnugi.mongodb.net:27017
2022-07-27 13:41:05.257  INFO 154111 --- [    Test worker] com.example.forum.ForumApplicationTests  : Started ForumApplicationTests in 2.095 seconds (JVM running for 2.91)
]]></system-out>
  <system-err><![CDATA[]]></system-err>
</testsuite>
