<?xml version="1.0" encoding="UTF-8"?>
<testsuite name="com.example.forum.ForumApplicationTests" tests="1" skipped="0" failures="0" errors="0" timestamp="2022-07-27T09:29:09" hostname="lucky-Latitude-3420" time="0.251">
  <properties/>
  <testcase name="contextLoads()" classname="com.example.forum.ForumApplicationTests" time="0.251"/>
  <system-out><![CDATA[14:59:06.356 [Test worker] DEBUG org.springframework.test.context.BootstrapUtils - Instantiating CacheAwareContextLoaderDelegate from class [org.springframework.test.context.cache.DefaultCacheAwareContextLoaderDelegate]
14:59:06.363 [Test worker] DEBUG org.springframework.test.context.BootstrapUtils - Instantiating BootstrapContext using constructor [public org.springframework.test.context.support.DefaultBootstrapContext(java.lang.Class,org.springframework.test.context.CacheAwareContextLoaderDelegate)]
14:59:06.390 [Test worker] DEBUG org.springframework.test.context.BootstrapUtils - Instantiating TestContextBootstrapper for test class [com.example.forum.ForumApplicationTests] from class [org.springframework.boot.test.context.SpringBootTestContextBootstrapper]
14:59:06.397 [Test worker] INFO org.springframework.boot.test.context.SpringBootTestContextBootstrapper - Neither @ContextConfiguration nor @ContextHierarchy found for test class [com.example.forum.ForumApplicationTests], using SpringBootContextLoader
14:59:06.401 [Test worker] DEBUG org.springframework.test.context.support.AbstractContextLoader - Did not detect default resource location for test class [com.example.forum.ForumApplicationTests]: class path resource [com/example/forum/ForumApplicationTests-context.xml] does not exist
14:59:06.402 [Test worker] DEBUG org.springframework.test.context.support.AbstractContextLoader - Did not detect default resource location for test class [com.example.forum.ForumApplicationTests]: class path resource [com/example/forum/ForumApplicationTestsContext.groovy] does not exist
14:59:06.403 [Test worker] INFO org.springframework.test.context.support.AbstractContextLoader - Could not detect default resource locations for test class [com.example.forum.ForumApplicationTests]: no resource found for suffixes {-context.xml, Context.groovy}.
14:59:06.403 [Test worker] INFO org.springframework.test.context.support.AnnotationConfigContextLoaderUtils - Could not detect default configuration classes for test class [com.example.forum.ForumApplicationTests]: ForumApplicationTests does not declare any static, non-private, non-final, nested classes annotated with @Configuration.
14:59:06.449 [Test worker] DEBUG org.springframework.test.context.support.ActiveProfilesUtils - Could not find an 'annotation declaring class' for annotation type [org.springframework.test.context.ActiveProfiles] and class [com.example.forum.ForumApplicationTests]
14:59:06.501 [Test worker] DEBUG org.springframework.context.annotation.ClassPathScanningCandidateComponentProvider - Identified candidate component class: file [/home/lucky/Desktop/nobroker/hood-forum/backend/build/classes/java/main/com/example/forum/ForumApplication.class]
14:59:06.502 [Test worker] INFO org.springframework.boot.test.context.SpringBootTestContextBootstrapper - Found @SpringBootConfiguration com.example.forum.ForumApplication for test class com.example.forum.ForumApplicationTests
14:59:06.578 [Test worker] DEBUG org.springframework.boot.test.context.SpringBootTestContextBootstrapper - @TestExecutionListeners is not present for class [com.example.forum.ForumApplicationTests]: using defaults.
14:59:06.578 [Test worker] INFO org.springframework.boot.test.context.SpringBootTestContextBootstrapper - Loaded default TestExecutionListener class names from location [META-INF/spring.factories]: [org.springframework.boot.test.autoconfigure.restdocs.RestDocsTestExecutionListener, org.springframework.boot.test.autoconfigure.web.client.MockRestServiceServerResetTestExecutionListener, org.springframework.boot.test.autoconfigure.web.servlet.MockMvcPrintOnlyOnFailureTestExecutionListener, org.springframework.boot.test.autoconfigure.web.servlet.WebDriverTestExecutionListener, org.springframework.boot.test.autoconfigure.webservices.client.MockWebServiceServerTestExecutionListener, org.springframework.boot.test.mock.mockito.MockitoTestExecutionListener, org.springframework.boot.test.mock.mockito.ResetMocksTestExecutionListener, org.springframework.test.context.web.ServletTestExecutionListener, org.springframework.test.context.support.DirtiesContextBeforeModesTestExecutionListener, org.springframework.test.context.event.ApplicationEventsTestExecutionListener, org.springframework.test.context.support.DependencyInjectionTestExecutionListener, org.springframework.test.context.support.DirtiesContextTestExecutionListener, org.springframework.test.context.transaction.TransactionalTestExecutionListener, org.springframework.test.context.jdbc.SqlScriptsTestExecutionListener, org.springframework.test.context.event.EventPublishingTestExecutionListener]
14:59:06.593 [Test worker] INFO org.springframework.boot.test.context.SpringBootTestContextBootstrapper - Using TestExecutionListeners: [org.springframework.test.context.web.ServletTestExecutionListener@4879f0f2, org.springframework.test.context.support.DirtiesContextBeforeModesTestExecutionListener@47db5fa5, org.springframework.test.context.event.ApplicationEventsTestExecutionListener@354fc8f0, org.springframework.boot.test.mock.mockito.MockitoTestExecutionListener@41813449, org.springframework.boot.test.autoconfigure.SpringBootDependencyInjectionTestExecutionListener@4678a2eb, org.springframework.test.context.support.DirtiesContextTestExecutionListener@5b43fbf6, org.springframework.test.context.transaction.TransactionalTestExecutionListener@1080b026, org.springframework.test.context.jdbc.SqlScriptsTestExecutionListener@58ebfd03, org.springframework.test.context.event.EventPublishingTestExecutionListener@5b07730f, org.springframework.boot.test.autoconfigure.restdocs.RestDocsTestExecutionListener@1fdfafd2, org.springframework.boot.test.autoconfigure.web.client.MockRestServiceServerResetTestExecutionListener@a4b2d8f, org.springframework.boot.test.autoconfigure.web.servlet.MockMvcPrintOnlyOnFailureTestExecutionListener@dcfda20, org.springframework.boot.test.autoconfigure.web.servlet.WebDriverTestExecutionListener@6d304f9d, org.springframework.boot.test.autoconfigure.webservices.client.MockWebServiceServerTestExecutionListener@f73dcd6, org.springframework.boot.test.mock.mockito.ResetMocksTestExecutionListener@5c87bfe2]
14:59:06.596 [Test worker] DEBUG org.springframework.test.context.support.AbstractDirtiesContextTestExecutionListener - Before test class: context [DefaultTestContext@5bfa8cc5 testClass = ForumApplicationTests, testInstance = [null], testMethod = [null], testException = [null], mergedContextConfiguration = [WebMergedContextConfiguration@666b83a4 testClass = ForumApplicationTests, locations = '{}', classes = '{class com.example.forum.ForumApplication}', contextInitializerClasses = '[]', activeProfiles = '{}', propertySourceLocations = '{}', propertySourceProperties = '{org.springframework.boot.test.context.SpringBootTestContextBootstrapper=true}', contextCustomizers = set[org.springframework.boot.test.autoconfigure.actuate.metrics.MetricsExportContextCustomizerFactory$DisableMetricExportContextCustomizer@1ab06251, org.springframework.boot.test.autoconfigure.properties.PropertyMappingContextCustomizer@0, org.springframework.boot.test.autoconfigure.web.servlet.WebDriverContextCustomizerFactory$Customizer@3688eb5b, org.springframework.boot.test.context.filter.ExcludeFilterContextCustomizer@50de186c, org.springframework.boot.test.json.DuplicateJsonObjectContextCustomizerFactory$DuplicateJsonObjectContextCustomizer@73d983ea, org.springframework.boot.test.mock.mockito.MockitoContextCustomizer@0, org.springframework.boot.test.web.client.TestRestTemplateContextCustomizer@12d2ce03, org.springframework.boot.test.context.SpringBootTestArgs@1, org.springframework.boot.test.context.SpringBootTestWebEnvironment@609cd4d8], resourceBasePath = 'src/main/webapp', contextLoader = 'org.springframework.boot.test.context.SpringBootContextLoader', parent = [null]], attributes = map['org.springframework.test.context.web.ServletTestExecutionListener.activateListener' -> true]], class annotated with @DirtiesContext [false] with mode [null].

  .   ____          _            __ _ _
 /\\ / ___'_ __ _ _(_)_ __  __ _ \ \ \ \
( ( )\___ | '_ | '_| | '_ \/ _` | \ \ \ \
 \\/  ___)| |_)| | | | | || (_| |  ) ) ) )
  '  |____| .__|_| |_|_| |_\__, | / / / /
 =========|_|==============|___/=/_/_/_/
 :: Spring Boot ::                (v2.7.1)

2022-07-27 14:59:06.877  INFO 94161 --- [    Test worker] com.example.forum.ForumApplicationTests  : Starting ForumApplicationTests using Java 11.0.15 on lucky-Latitude-3420 with PID 94161 (started by lucky in /home/lucky/Desktop/nobroker/hood-forum/backend)
2022-07-27 14:59:06.879  INFO 94161 --- [    Test worker] com.example.forum.ForumApplicationTests  : No active profile set, falling back to 1 default profile: "default"
2022-07-27 14:59:07.489  INFO 94161 --- [    Test worker] .s.d.r.c.RepositoryConfigurationDelegate : Bootstrapping Spring Data MongoDB repositories in DEFAULT mode.
2022-07-27 14:59:07.541  INFO 94161 --- [    Test worker] .s.d.r.c.RepositoryConfigurationDelegate : Finished Spring Data repository scanning in 47 ms. Found 3 MongoDB repository interfaces.
2022-07-27 14:59:08.154  INFO 94161 --- [    Test worker] org.mongodb.driver.client                : MongoClient with metadata {"driver": {"name": "mongo-java-driver|sync|spring-boot", "version": "4.6.1"}, "os": {"type": "Linux", "name": "Linux", "architecture": "amd64", "version": "5.14.0-1044-oem"}, "platform": "Java/Private Build/11.0.15+10-Ubuntu-0ubuntu0.20.04.1"} created with settings MongoClientSettings{readPreference=primary, writeConcern=WriteConcern{w=majority, wTimeout=null ms, journal=null}, retryWrites=true, retryReads=true, readConcern=ReadConcern{level=null}, credential=MongoCredential{mechanism=null, userName='userl', source='admin', password=<hidden>, mechanismProperties=<hidden>}, streamFactoryFactory=null, commandListeners=[], codecRegistry=ProvidersCodecRegistry{codecProviders=[ValueCodecProvider{}, BsonValueCodecProvider{}, DBRefCodecProvider{}, DBObjectCodecProvider{}, DocumentCodecProvider{}, IterableCodecProvider{}, MapCodecProvider{}, GeoJsonCodecProvider{}, GridFSFileCodecProvider{}, Jsr310CodecProvider{}, JsonObjectCodecProvider{}, BsonCodecProvider{}, EnumCodecProvider{}, com.mongodb.Jep395RecordCodecProvider@32ec9c90]}, clusterSettings={hosts=[127.0.0.1:27017], srvHost=cluster0.pordd.mongodb.net, srvServiceName=mongodb, mode=MULTIPLE, requiredClusterType=REPLICA_SET, requiredReplicaSetName='atlas-j8c6fn-shard-0', serverSelector='null', clusterListeners='[]', serverSelectionTimeout='30000 ms', localThreshold='30000 ms'}, socketSettings=SocketSettings{connectTimeoutMS=10000, readTimeoutMS=0, receiveBufferSize=0, sendBufferSize=0}, heartbeatSocketSettings=SocketSettings{connectTimeoutMS=10000, readTimeoutMS=10000, receiveBufferSize=0, sendBufferSize=0}, connectionPoolSettings=ConnectionPoolSettings{maxSize=100, minSize=0, maxWaitTimeMS=120000, maxConnectionLifeTimeMS=0, maxConnectionIdleTimeMS=0, maintenanceInitialDelayMS=0, maintenanceFrequencyMS=60000, connectionPoolListeners=[], maxConnecting=2}, serverSettings=ServerSettings{heartbeatFrequencyMS=10000, minHeartbeatFrequencyMS=500, serverListeners='[]', serverMonitorListeners='[]'}, sslSettings=SslSettings{enabled=true, invalidHostNameAllowed=false, context=null}, applicationName='null', compressorList=[], uuidRepresentation=JAVA_LEGACY, serverApi=null, autoEncryptionSettings=null, contextProvider=null}
2022-07-27 14:59:08.216  INFO 94161 --- [rdd.mongodb.net] org.mongodb.driver.cluster               : Adding discovered server cluster0-shard-00-02.pordd.mongodb.net:27017 to client view of cluster
2022-07-27 14:59:08.255  INFO 94161 --- [rdd.mongodb.net] org.mongodb.driver.cluster               : Adding discovered server cluster0-shard-00-01.pordd.mongodb.net:27017 to client view of cluster
2022-07-27 14:59:08.258  INFO 94161 --- [rdd.mongodb.net] org.mongodb.driver.cluster               : Adding discovered server cluster0-shard-00-00.pordd.mongodb.net:27017 to client view of cluster
2022-07-27 14:59:08.770  INFO 94161 --- [ngodb.net:27017] org.mongodb.driver.connection            : Opened connection [connectionId{localValue:5, serverValue:581463}] to cluster0-shard-00-01.pordd.mongodb.net:27017
2022-07-27 14:59:08.770  INFO 94161 --- [ngodb.net:27017] org.mongodb.driver.connection            : Opened connection [connectionId{localValue:6, serverValue:613399}] to cluster0-shard-00-02.pordd.mongodb.net:27017
2022-07-27 14:59:08.770  INFO 94161 --- [ngodb.net:27017] org.mongodb.driver.connection            : Opened connection [connectionId{localValue:2, serverValue:581463}] to cluster0-shard-00-01.pordd.mongodb.net:27017
2022-07-27 14:59:08.771  INFO 94161 --- [ngodb.net:27017] org.mongodb.driver.connection            : Opened connection [connectionId{localValue:1, serverValue:613399}] to cluster0-shard-00-02.pordd.mongodb.net:27017
2022-07-27 14:59:08.771  INFO 94161 --- [ngodb.net:27017] org.mongodb.driver.connection            : Opened connection [connectionId{localValue:4, serverValue:583124}] to cluster0-shard-00-00.pordd.mongodb.net:27017
2022-07-27 14:59:08.781  INFO 94161 --- [ngodb.net:27017] org.mongodb.driver.connection            : Opened connection [connectionId{localValue:3, serverValue:583124}] to cluster0-shard-00-00.pordd.mongodb.net:27017
2022-07-27 14:59:08.781  INFO 94161 --- [ngodb.net:27017] org.mongodb.driver.cluster               : Monitor thread successfully connected to server with description ServerDescription{address=cluster0-shard-00-00.pordd.mongodb.net:27017, type=REPLICA_SET_SECONDARY, state=CONNECTED, ok=true, minWireVersion=0, maxWireVersion=13, maxDocumentSize=16777216, logicalSessionTimeoutMinutes=30, roundTripTimeNanos=219161898, setName='atlas-j8c6fn-shard-0', canonicalAddress=cluster0-shard-00-00.pordd.mongodb.net:27017, hosts=[cluster0-shard-00-02.pordd.mongodb.net:27017, cluster0-shard-00-00.pordd.mongodb.net:27017, cluster0-shard-00-01.pordd.mongodb.net:27017], passives=[], arbiters=[], primary='cluster0-shard-00-02.pordd.mongodb.net:27017', tagSet=TagSet{[Tag{name='nodeType', value='ELECTABLE'}, Tag{name='provider', value='AWS'}, Tag{name='region', value='AP_SOUTH_1'}, Tag{name='workloadType', value='OPERATIONAL'}]}, electionId=null, setVersion=7, topologyVersion=TopologyVersion{processId=62c9326b10de8480ed882b2f, counter=4}, lastWriteDate=Wed Jul 27 14:59:08 IST 2022, lastUpdateTimeNanos=40926570076454}
2022-07-27 14:59:08.782  INFO 94161 --- [ngodb.net:27017] org.mongodb.driver.cluster               : Monitor thread successfully connected to server with description ServerDescription{address=cluster0-shard-00-02.pordd.mongodb.net:27017, type=REPLICA_SET_PRIMARY, state=CONNECTED, ok=true, minWireVersion=0, maxWireVersion=13, maxDocumentSize=16777216, logicalSessionTimeoutMinutes=30, roundTripTimeNanos=269452966, setName='atlas-j8c6fn-shard-0', canonicalAddress=cluster0-shard-00-02.pordd.mongodb.net:27017, hosts=[cluster0-shard-00-02.pordd.mongodb.net:27017, cluster0-shard-00-00.pordd.mongodb.net:27017, cluster0-shard-00-01.pordd.mongodb.net:27017], passives=[], arbiters=[], primary='cluster0-shard-00-02.pordd.mongodb.net:27017', tagSet=TagSet{[Tag{name='nodeType', value='ELECTABLE'}, Tag{name='provider', value='AWS'}, Tag{name='region', value='AP_SOUTH_1'}, Tag{name='workloadType', value='OPERATIONAL'}]}, electionId=7fffffff000000000000009e, setVersion=7, topologyVersion=TopologyVersion{processId=62c933f43f2666e127eaf73d, counter=6}, lastWriteDate=Wed Jul 27 14:59:08 IST 2022, lastUpdateTimeNanos=40926569324367}
2022-07-27 14:59:08.782  INFO 94161 --- [ngodb.net:27017] org.mongodb.driver.cluster               : Monitor thread successfully connected to server with description ServerDescription{address=cluster0-shard-00-01.pordd.mongodb.net:27017, type=REPLICA_SET_SECONDARY, state=CONNECTED, ok=true, minWireVersion=0, maxWireVersion=13, maxDocumentSize=16777216, logicalSessionTimeoutMinutes=30, roundTripTimeNanos=271162490, setName='atlas-j8c6fn-shard-0', canonicalAddress=cluster0-shard-00-01.pordd.mongodb.net:27017, hosts=[cluster0-shard-00-02.pordd.mongodb.net:27017, cluster0-shard-00-00.pordd.mongodb.net:27017, cluster0-shard-00-01.pordd.mongodb.net:27017], passives=[], arbiters=[], primary='cluster0-shard-00-02.pordd.mongodb.net:27017', tagSet=TagSet{[Tag{name='nodeType', value='ELECTABLE'}, Tag{name='provider', value='AWS'}, Tag{name='region', value='AP_SOUTH_1'}, Tag{name='workloadType', value='OPERATIONAL'}]}, electionId=null, setVersion=7, topologyVersion=TopologyVersion{processId=62c93525b88a8511e0289a59, counter=3}, lastWriteDate=Wed Jul 27 14:59:08 IST 2022, lastUpdateTimeNanos=40926569336676}
2022-07-27 14:59:08.787  INFO 94161 --- [ngodb.net:27017] org.mongodb.driver.cluster               : Setting max election id to 7fffffff000000000000009e from replica set primary cluster0-shard-00-02.pordd.mongodb.net:27017
2022-07-27 14:59:08.788  INFO 94161 --- [ngodb.net:27017] org.mongodb.driver.cluster               : Setting max set version to 7 from replica set primary cluster0-shard-00-02.pordd.mongodb.net:27017
2022-07-27 14:59:08.788  INFO 94161 --- [ngodb.net:27017] org.mongodb.driver.cluster               : Discovered replica set primary cluster0-shard-00-02.pordd.mongodb.net:27017
2022-07-27 14:59:09.299  INFO 94161 --- [    Test worker] com.example.forum.ForumApplicationTests  : Started ForumApplicationTests in 2.668 seconds (JVM running for 3.505)
]]></system-out>
  <system-err><![CDATA[]]></system-err>
</testsuite>
