<?xml version="1.0" encoding="UTF-8"?>
<<<<<<< HEAD
<testsuite name="com.example.forum.ForumApplicationTests" tests="1" skipped="0" failures="0" errors="0" timestamp="2022-07-26T08:13:13" hostname="mac.local" time="0.564">
  <properties/>
  <testcase name="contextLoads()" classname="com.example.forum.ForumApplicationTests" time="0.564"/>
  <system-out><![CDATA[13:43:07.655 [Test worker] DEBUG org.springframework.test.context.BootstrapUtils - Instantiating CacheAwareContextLoaderDelegate from class [org.springframework.test.context.cache.DefaultCacheAwareContextLoaderDelegate]
13:43:07.666 [Test worker] DEBUG org.springframework.test.context.BootstrapUtils - Instantiating BootstrapContext using constructor [public org.springframework.test.context.support.DefaultBootstrapContext(java.lang.Class,org.springframework.test.context.CacheAwareContextLoaderDelegate)]
13:43:07.718 [Test worker] DEBUG org.springframework.test.context.BootstrapUtils - Instantiating TestContextBootstrapper for test class [com.example.forum.ForumApplicationTests] from class [org.springframework.boot.test.context.SpringBootTestContextBootstrapper]
13:43:07.733 [Test worker] INFO org.springframework.boot.test.context.SpringBootTestContextBootstrapper - Neither @ContextConfiguration nor @ContextHierarchy found for test class [com.example.forum.ForumApplicationTests], using SpringBootContextLoader
13:43:07.736 [Test worker] DEBUG org.springframework.test.context.support.AbstractContextLoader - Did not detect default resource location for test class [com.example.forum.ForumApplicationTests]: class path resource [com/example/forum/ForumApplicationTests-context.xml] does not exist
13:43:07.737 [Test worker] DEBUG org.springframework.test.context.support.AbstractContextLoader - Did not detect default resource location for test class [com.example.forum.ForumApplicationTests]: class path resource [com/example/forum/ForumApplicationTestsContext.groovy] does not exist
13:43:07.737 [Test worker] INFO org.springframework.test.context.support.AbstractContextLoader - Could not detect default resource locations for test class [com.example.forum.ForumApplicationTests]: no resource found for suffixes {-context.xml, Context.groovy}.
13:43:07.738 [Test worker] INFO org.springframework.test.context.support.AnnotationConfigContextLoaderUtils - Could not detect default configuration classes for test class [com.example.forum.ForumApplicationTests]: ForumApplicationTests does not declare any static, non-private, non-final, nested classes annotated with @Configuration.
13:43:07.792 [Test worker] DEBUG org.springframework.test.context.support.ActiveProfilesUtils - Could not find an 'annotation declaring class' for annotation type [org.springframework.test.context.ActiveProfiles] and class [com.example.forum.ForumApplicationTests]
13:43:07.873 [Test worker] DEBUG org.springframework.context.annotation.ClassPathScanningCandidateComponentProvider - Identified candidate component class: file [/Users/endurance21/workspace/hood-forum/backend/build/classes/java/main/com/example/forum/ForumApplication.class]
13:43:07.877 [Test worker] INFO org.springframework.boot.test.context.SpringBootTestContextBootstrapper - Found @SpringBootConfiguration com.example.forum.ForumApplication for test class com.example.forum.ForumApplicationTests
13:43:07.958 [Test worker] DEBUG org.springframework.boot.test.context.SpringBootTestContextBootstrapper - @TestExecutionListeners is not present for class [com.example.forum.ForumApplicationTests]: using defaults.
13:43:07.959 [Test worker] INFO org.springframework.boot.test.context.SpringBootTestContextBootstrapper - Loaded default TestExecutionListener class names from location [META-INF/spring.factories]: [org.springframework.boot.test.autoconfigure.restdocs.RestDocsTestExecutionListener, org.springframework.boot.test.autoconfigure.web.client.MockRestServiceServerResetTestExecutionListener, org.springframework.boot.test.autoconfigure.web.servlet.MockMvcPrintOnlyOnFailureTestExecutionListener, org.springframework.boot.test.autoconfigure.web.servlet.WebDriverTestExecutionListener, org.springframework.boot.test.autoconfigure.webservices.client.MockWebServiceServerTestExecutionListener, org.springframework.boot.test.mock.mockito.MockitoTestExecutionListener, org.springframework.boot.test.mock.mockito.ResetMocksTestExecutionListener, org.springframework.test.context.web.ServletTestExecutionListener, org.springframework.test.context.support.DirtiesContextBeforeModesTestExecutionListener, org.springframework.test.context.event.ApplicationEventsTestExecutionListener, org.springframework.test.context.support.DependencyInjectionTestExecutionListener, org.springframework.test.context.support.DirtiesContextTestExecutionListener, org.springframework.test.context.transaction.TransactionalTestExecutionListener, org.springframework.test.context.jdbc.SqlScriptsTestExecutionListener, org.springframework.test.context.event.EventPublishingTestExecutionListener]
13:43:07.980 [Test worker] INFO org.springframework.boot.test.context.SpringBootTestContextBootstrapper - Using TestExecutionListeners: [org.springframework.test.context.web.ServletTestExecutionListener@e077866, org.springframework.test.context.support.DirtiesContextBeforeModesTestExecutionListener@ed3068a, org.springframework.test.context.event.ApplicationEventsTestExecutionListener@7c2b6087, org.springframework.boot.test.mock.mockito.MockitoTestExecutionListener@3fffff43, org.springframework.boot.test.autoconfigure.SpringBootDependencyInjectionTestExecutionListener@a8e6492, org.springframework.test.context.support.DirtiesContextTestExecutionListener@1c7fd41f, org.springframework.test.context.transaction.TransactionalTestExecutionListener@3b77a04f, org.springframework.test.context.jdbc.SqlScriptsTestExecutionListener@7b324585, org.springframework.test.context.event.EventPublishingTestExecutionListener@2e11485, org.springframework.boot.test.autoconfigure.restdocs.RestDocsTestExecutionListener@60dce7ea, org.springframework.boot.test.autoconfigure.web.client.MockRestServiceServerResetTestExecutionListener@662f5666, org.springframework.boot.test.autoconfigure.web.servlet.MockMvcPrintOnlyOnFailureTestExecutionListener@fd8294b, org.springframework.boot.test.autoconfigure.web.servlet.WebDriverTestExecutionListener@5974109, org.springframework.boot.test.autoconfigure.webservices.client.MockWebServiceServerTestExecutionListener@27305e6, org.springframework.boot.test.mock.mockito.ResetMocksTestExecutionListener@1ef3efa8]
13:43:07.983 [Test worker] DEBUG org.springframework.test.context.support.AbstractDirtiesContextTestExecutionListener - Before test class: context [DefaultTestContext@2fea7088 testClass = ForumApplicationTests, testInstance = [null], testMethod = [null], testException = [null], mergedContextConfiguration = [WebMergedContextConfiguration@40499e4f testClass = ForumApplicationTests, locations = '{}', classes = '{class com.example.forum.ForumApplication}', contextInitializerClasses = '[]', activeProfiles = '{}', propertySourceLocations = '{}', propertySourceProperties = '{org.springframework.boot.test.context.SpringBootTestContextBootstrapper=true}', contextCustomizers = set[org.springframework.boot.test.autoconfigure.actuate.metrics.MetricsExportContextCustomizerFactory$DisableMetricExportContextCustomizer@3d246ea3, org.springframework.boot.test.autoconfigure.properties.PropertyMappingContextCustomizer@0, org.springframework.boot.test.autoconfigure.web.servlet.WebDriverContextCustomizerFactory$Customizer@51133c06, org.springframework.boot.test.context.filter.ExcludeFilterContextCustomizer@44d52de2, org.springframework.boot.test.json.DuplicateJsonObjectContextCustomizerFactory$DuplicateJsonObjectContextCustomizer@babafc2, org.springframework.boot.test.mock.mockito.MockitoContextCustomizer@0, org.springframework.boot.test.web.client.TestRestTemplateContextCustomizer@d771cc9, org.springframework.boot.test.context.SpringBootTestArgs@1, org.springframework.boot.test.context.SpringBootTestWebEnvironment@7530ad9c], resourceBasePath = 'src/main/webapp', contextLoader = 'org.springframework.boot.test.context.SpringBootContextLoader', parent = [null]], attributes = map['org.springframework.test.context.web.ServletTestExecutionListener.activateListener' -> true]], class annotated with @DirtiesContext [false] with mode [null].
=======
<testsuite name="com.example.forum.ForumApplicationTests" tests="1" skipped="0" failures="0" errors="0" timestamp="2022-07-25T11:19:28" hostname="prakhar-Latitude-3420" time="0.277">
  <properties/>
  <testcase name="contextLoads()" classname="com.example.forum.ForumApplicationTests" time="0.277"/>
  <system-out><![CDATA[16:49:26.052 [Test worker] DEBUG org.springframework.test.context.BootstrapUtils - Instantiating CacheAwareContextLoaderDelegate from class [org.springframework.test.context.cache.DefaultCacheAwareContextLoaderDelegate]
16:49:26.060 [Test worker] DEBUG org.springframework.test.context.BootstrapUtils - Instantiating BootstrapContext using constructor [public org.springframework.test.context.support.DefaultBootstrapContext(java.lang.Class,org.springframework.test.context.CacheAwareContextLoaderDelegate)]
16:49:26.084 [Test worker] DEBUG org.springframework.test.context.BootstrapUtils - Instantiating TestContextBootstrapper for test class [com.example.forum.ForumApplicationTests] from class [org.springframework.boot.test.context.SpringBootTestContextBootstrapper]
16:49:26.093 [Test worker] INFO org.springframework.boot.test.context.SpringBootTestContextBootstrapper - Neither @ContextConfiguration nor @ContextHierarchy found for test class [com.example.forum.ForumApplicationTests], using SpringBootContextLoader
16:49:26.096 [Test worker] DEBUG org.springframework.test.context.support.AbstractContextLoader - Did not detect default resource location for test class [com.example.forum.ForumApplicationTests]: class path resource [com/example/forum/ForumApplicationTests-context.xml] does not exist
16:49:26.097 [Test worker] DEBUG org.springframework.test.context.support.AbstractContextLoader - Did not detect default resource location for test class [com.example.forum.ForumApplicationTests]: class path resource [com/example/forum/ForumApplicationTestsContext.groovy] does not exist
16:49:26.097 [Test worker] INFO org.springframework.test.context.support.AbstractContextLoader - Could not detect default resource locations for test class [com.example.forum.ForumApplicationTests]: no resource found for suffixes {-context.xml, Context.groovy}.
16:49:26.097 [Test worker] INFO org.springframework.test.context.support.AnnotationConfigContextLoaderUtils - Could not detect default configuration classes for test class [com.example.forum.ForumApplicationTests]: ForumApplicationTests does not declare any static, non-private, non-final, nested classes annotated with @Configuration.
16:49:26.128 [Test worker] DEBUG org.springframework.test.context.support.ActiveProfilesUtils - Could not find an 'annotation declaring class' for annotation type [org.springframework.test.context.ActiveProfiles] and class [com.example.forum.ForumApplicationTests]
16:49:26.173 [Test worker] DEBUG org.springframework.context.annotation.ClassPathScanningCandidateComponentProvider - Identified candidate component class: file [/home/prakhar/Desktop/hood-forum/backend/build/classes/java/main/com/example/forum/ForumApplication.class]
16:49:26.174 [Test worker] INFO org.springframework.boot.test.context.SpringBootTestContextBootstrapper - Found @SpringBootConfiguration com.example.forum.ForumApplication for test class com.example.forum.ForumApplicationTests
16:49:26.247 [Test worker] DEBUG org.springframework.boot.test.context.SpringBootTestContextBootstrapper - @TestExecutionListeners is not present for class [com.example.forum.ForumApplicationTests]: using defaults.
16:49:26.247 [Test worker] INFO org.springframework.boot.test.context.SpringBootTestContextBootstrapper - Loaded default TestExecutionListener class names from location [META-INF/spring.factories]: [org.springframework.boot.test.autoconfigure.restdocs.RestDocsTestExecutionListener, org.springframework.boot.test.autoconfigure.web.client.MockRestServiceServerResetTestExecutionListener, org.springframework.boot.test.autoconfigure.web.servlet.MockMvcPrintOnlyOnFailureTestExecutionListener, org.springframework.boot.test.autoconfigure.web.servlet.WebDriverTestExecutionListener, org.springframework.boot.test.autoconfigure.webservices.client.MockWebServiceServerTestExecutionListener, org.springframework.boot.test.mock.mockito.MockitoTestExecutionListener, org.springframework.boot.test.mock.mockito.ResetMocksTestExecutionListener, org.springframework.test.context.web.ServletTestExecutionListener, org.springframework.test.context.support.DirtiesContextBeforeModesTestExecutionListener, org.springframework.test.context.event.ApplicationEventsTestExecutionListener, org.springframework.test.context.support.DependencyInjectionTestExecutionListener, org.springframework.test.context.support.DirtiesContextTestExecutionListener, org.springframework.test.context.transaction.TransactionalTestExecutionListener, org.springframework.test.context.jdbc.SqlScriptsTestExecutionListener, org.springframework.test.context.event.EventPublishingTestExecutionListener]
16:49:26.260 [Test worker] INFO org.springframework.boot.test.context.SpringBootTestContextBootstrapper - Using TestExecutionListeners: [org.springframework.test.context.web.ServletTestExecutionListener@40c80397, org.springframework.test.context.support.DirtiesContextBeforeModesTestExecutionListener@4b672daa, org.springframework.test.context.event.ApplicationEventsTestExecutionListener@ea9b7c6, org.springframework.boot.test.mock.mockito.MockitoTestExecutionListener@e077866, org.springframework.boot.test.autoconfigure.SpringBootDependencyInjectionTestExecutionListener@ed3068a, org.springframework.test.context.support.DirtiesContextTestExecutionListener@7c2b6087, org.springframework.test.context.transaction.TransactionalTestExecutionListener@3fffff43, org.springframework.test.context.jdbc.SqlScriptsTestExecutionListener@a8e6492, org.springframework.test.context.event.EventPublishingTestExecutionListener@1c7fd41f, org.springframework.boot.test.autoconfigure.restdocs.RestDocsTestExecutionListener@3b77a04f, org.springframework.boot.test.autoconfigure.web.client.MockRestServiceServerResetTestExecutionListener@7b324585, org.springframework.boot.test.autoconfigure.web.servlet.MockMvcPrintOnlyOnFailureTestExecutionListener@2e11485, org.springframework.boot.test.autoconfigure.web.servlet.WebDriverTestExecutionListener@60dce7ea, org.springframework.boot.test.autoconfigure.webservices.client.MockWebServiceServerTestExecutionListener@662f5666, org.springframework.boot.test.mock.mockito.ResetMocksTestExecutionListener@fd8294b]
16:49:26.262 [Test worker] DEBUG org.springframework.test.context.support.AbstractDirtiesContextTestExecutionListener - Before test class: context [DefaultTestContext@6d304f9d testClass = ForumApplicationTests, testInstance = [null], testMethod = [null], testException = [null], mergedContextConfiguration = [WebMergedContextConfiguration@f73dcd6 testClass = ForumApplicationTests, locations = '{}', classes = '{class com.example.forum.ForumApplication}', contextInitializerClasses = '[]', activeProfiles = '{}', propertySourceLocations = '{}', propertySourceProperties = '{org.springframework.boot.test.context.SpringBootTestContextBootstrapper=true}', contextCustomizers = set[org.springframework.boot.test.autoconfigure.actuate.metrics.MetricsExportContextCustomizerFactory$DisableMetricExportContextCustomizer@20c0a64d, org.springframework.boot.test.autoconfigure.properties.PropertyMappingContextCustomizer@0, org.springframework.boot.test.autoconfigure.web.servlet.WebDriverContextCustomizerFactory$Customizer@babafc2, org.springframework.boot.test.context.filter.ExcludeFilterContextCustomizer@69f1a286, org.springframework.boot.test.json.DuplicateJsonObjectContextCustomizerFactory$DuplicateJsonObjectContextCustomizer@3f57bcad, org.springframework.boot.test.mock.mockito.MockitoContextCustomizer@0, org.springframework.boot.test.web.client.TestRestTemplateContextCustomizer@2e48362c, org.springframework.boot.test.context.SpringBootTestArgs@1, org.springframework.boot.test.context.SpringBootTestWebEnvironment@79d8407f], resourceBasePath = 'src/main/webapp', contextLoader = 'org.springframework.boot.test.context.SpringBootContextLoader', parent = [null]], attributes = map['org.springframework.test.context.web.ServletTestExecutionListener.activateListener' -> true]], class annotated with @DirtiesContext [false] with mode [null].
>>>>>>> 66bb009ce3b9816478d9a4f1727e7cc2c0a3ce2e

  .   ____          _            __ _ _
 /\\ / ___'_ __ _ _(_)_ __  __ _ \ \ \ \
( ( )\___ | '_ | '_| | '_ \/ _` | \ \ \ \
 \\/  ___)| |_)| | | | | || (_| |  ) ) ) )
  '  |____| .__|_| |_|_| |_\__, | / / / /
 =========|_|==============|___/=/_/_/_/
 :: Spring Boot ::                (v2.7.1)

<<<<<<< HEAD
2022-07-26 13:43:08.455  INFO 14079 --- [    Test worker] com.example.forum.ForumApplicationTests  : Starting ForumApplicationTests using Java 18.0.1.1 on mac.local with PID 14079 (started by endurance21 in /Users/endurance21/workspace/hood-forum/backend)
2022-07-26 13:43:08.457  INFO 14079 --- [    Test worker] com.example.forum.ForumApplicationTests  : No active profile set, falling back to 1 default profile: "default"
2022-07-26 13:43:09.505  INFO 14079 --- [    Test worker] .s.d.r.c.RepositoryConfigurationDelegate : Bootstrapping Spring Data MongoDB repositories in DEFAULT mode.
2022-07-26 13:43:09.594  INFO 14079 --- [    Test worker] .s.d.r.c.RepositoryConfigurationDelegate : Finished Spring Data repository scanning in 82 ms. Found 2 MongoDB repository interfaces.
2022-07-26 13:43:10.522  INFO 14079 --- [    Test worker] org.mongodb.driver.client                : MongoClient with metadata {"driver": {"name": "mongo-java-driver|sync|spring-boot", "version": "4.6.1"}, "os": {"type": "Darwin", "name": "Mac OS X", "architecture": "x86_64", "version": "12.0.1"}, "platform": "Java/Oracle Corporation/18.0.1.1+2-6"} created with settings MongoClientSettings{readPreference=primary, writeConcern=WriteConcern{w=null, wTimeout=null ms, journal=null}, retryWrites=true, retryReads=true, readConcern=ReadConcern{level=null}, credential=MongoCredential{mechanism=null, userName='user_83', source='admin', password=<hidden>, mechanismProperties=<hidden>}, streamFactoryFactory=null, commandListeners=[], codecRegistry=ProvidersCodecRegistry{codecProviders=[ValueCodecProvider{}, BsonValueCodecProvider{}, DBRefCodecProvider{}, DBObjectCodecProvider{}, DocumentCodecProvider{}, IterableCodecProvider{}, MapCodecProvider{}, GeoJsonCodecProvider{}, GridFSFileCodecProvider{}, Jsr310CodecProvider{}, JsonObjectCodecProvider{}, BsonCodecProvider{}, EnumCodecProvider{}, com.mongodb.Jep395RecordCodecProvider@73a0f2b]}, clusterSettings={hosts=[127.0.0.1:27017], srvHost=cluster0.kjuz2h0.mongodb.net, srvServiceName=mongodb, mode=MULTIPLE, requiredClusterType=REPLICA_SET, requiredReplicaSetName='atlas-tpdslm-shard-0', serverSelector='null', clusterListeners='[]', serverSelectionTimeout='30000 ms', localThreshold='30000 ms'}, socketSettings=SocketSettings{connectTimeoutMS=10000, readTimeoutMS=0, receiveBufferSize=0, sendBufferSize=0}, heartbeatSocketSettings=SocketSettings{connectTimeoutMS=10000, readTimeoutMS=10000, receiveBufferSize=0, sendBufferSize=0}, connectionPoolSettings=ConnectionPoolSettings{maxSize=100, minSize=0, maxWaitTimeMS=120000, maxConnectionLifeTimeMS=0, maxConnectionIdleTimeMS=0, maintenanceInitialDelayMS=0, maintenanceFrequencyMS=60000, connectionPoolListeners=[], maxConnecting=2}, serverSettings=ServerSettings{heartbeatFrequencyMS=10000, minHeartbeatFrequencyMS=500, serverListeners='[]', serverMonitorListeners='[]'}, sslSettings=SslSettings{enabled=true, invalidHostNameAllowed=false, context=null}, applicationName='null', compressorList=[], uuidRepresentation=JAVA_LEGACY, serverApi=null, autoEncryptionSettings=null, contextProvider=null}
2022-07-26 13:43:10.566  INFO 14079 --- [2h0.mongodb.net] org.mongodb.driver.cluster               : Adding discovered server ac-lok9myw-shard-00-01.kjuz2h0.mongodb.net:27017 to client view of cluster
2022-07-26 13:43:10.600  INFO 14079 --- [2h0.mongodb.net] org.mongodb.driver.cluster               : Adding discovered server ac-lok9myw-shard-00-00.kjuz2h0.mongodb.net:27017 to client view of cluster
2022-07-26 13:43:10.604  INFO 14079 --- [2h0.mongodb.net] org.mongodb.driver.cluster               : Adding discovered server ac-lok9myw-shard-00-02.kjuz2h0.mongodb.net:27017 to client view of cluster
2022-07-26 13:43:11.844  INFO 14079 --- [ngodb.net:27017] org.mongodb.driver.connection            : Opened connection [connectionId{localValue:3, serverValue:94079}] to ac-lok9myw-shard-00-00.kjuz2h0.mongodb.net:27017
2022-07-26 13:43:11.844  INFO 14079 --- [ngodb.net:27017] org.mongodb.driver.connection            : Opened connection [connectionId{localValue:5, serverValue:100070}] to ac-lok9myw-shard-00-02.kjuz2h0.mongodb.net:27017
2022-07-26 13:43:11.844  INFO 14079 --- [ngodb.net:27017] org.mongodb.driver.connection            : Opened connection [connectionId{localValue:4, serverValue:94079}] to ac-lok9myw-shard-00-00.kjuz2h0.mongodb.net:27017
2022-07-26 13:43:11.844  INFO 14079 --- [ngodb.net:27017] org.mongodb.driver.connection            : Opened connection [connectionId{localValue:2, serverValue:91730}] to ac-lok9myw-shard-00-01.kjuz2h0.mongodb.net:27017
2022-07-26 13:43:11.844  INFO 14079 --- [ngodb.net:27017] org.mongodb.driver.connection            : Opened connection [connectionId{localValue:6, serverValue:100099}] to ac-lok9myw-shard-00-02.kjuz2h0.mongodb.net:27017
2022-07-26 13:43:11.844  INFO 14079 --- [ngodb.net:27017] org.mongodb.driver.connection            : Opened connection [connectionId{localValue:1, serverValue:91730}] to ac-lok9myw-shard-00-01.kjuz2h0.mongodb.net:27017
2022-07-26 13:43:11.865  INFO 14079 --- [ngodb.net:27017] org.mongodb.driver.cluster               : Monitor thread successfully connected to server with description ServerDescription{address=ac-lok9myw-shard-00-02.kjuz2h0.mongodb.net:27017, type=REPLICA_SET_PRIMARY, state=CONNECTED, ok=true, minWireVersion=0, maxWireVersion=13, maxDocumentSize=16777216, logicalSessionTimeoutMinutes=30, roundTripTimeNanos=685799083, setName='atlas-tpdslm-shard-0', canonicalAddress=ac-lok9myw-shard-00-02.kjuz2h0.mongodb.net:27017, hosts=[ac-lok9myw-shard-00-02.kjuz2h0.mongodb.net:27017, ac-lok9myw-shard-00-01.kjuz2h0.mongodb.net:27017, ac-lok9myw-shard-00-00.kjuz2h0.mongodb.net:27017], passives=[], arbiters=[], primary='ac-lok9myw-shard-00-02.kjuz2h0.mongodb.net:27017', tagSet=TagSet{[Tag{name='nodeType', value='ELECTABLE'}, Tag{name='provider', value='AWS'}, Tag{name='region', value='AP_SOUTH_1'}, Tag{name='workloadType', value='OPERATIONAL'}]}, electionId=7fffffff0000000000000061, setVersion=4, topologyVersion=TopologyVersion{processId=62db95ade3bd51f65695a1b7, counter=6}, lastWriteDate=Tue Jul 26 13:43:11 IST 2022, lastUpdateTimeNanos=15365743835667}
2022-07-26 13:43:11.865  INFO 14079 --- [ngodb.net:27017] org.mongodb.driver.cluster               : Monitor thread successfully connected to server with description ServerDescription{address=ac-lok9myw-shard-00-01.kjuz2h0.mongodb.net:27017, type=REPLICA_SET_SECONDARY, state=CONNECTED, ok=true, minWireVersion=0, maxWireVersion=13, maxDocumentSize=16777216, logicalSessionTimeoutMinutes=30, roundTripTimeNanos=717893667, setName='atlas-tpdslm-shard-0', canonicalAddress=ac-lok9myw-shard-00-01.kjuz2h0.mongodb.net:27017, hosts=[ac-lok9myw-shard-00-02.kjuz2h0.mongodb.net:27017, ac-lok9myw-shard-00-01.kjuz2h0.mongodb.net:27017, ac-lok9myw-shard-00-00.kjuz2h0.mongodb.net:27017], passives=[], arbiters=[], primary='ac-lok9myw-shard-00-02.kjuz2h0.mongodb.net:27017', tagSet=TagSet{[Tag{name='nodeType', value='ELECTABLE'}, Tag{name='provider', value='AWS'}, Tag{name='region', value='AP_SOUTH_1'}, Tag{name='workloadType', value='OPERATIONAL'}]}, electionId=null, setVersion=4, topologyVersion=TopologyVersion{processId=62db96fae405802706eae33c, counter=3}, lastWriteDate=Tue Jul 26 13:43:11 IST 2022, lastUpdateTimeNanos=15365743794084}
2022-07-26 13:43:11.872  INFO 14079 --- [ngodb.net:27017] org.mongodb.driver.cluster               : Monitor thread successfully connected to server with description ServerDescription{address=ac-lok9myw-shard-00-00.kjuz2h0.mongodb.net:27017, type=REPLICA_SET_SECONDARY, state=CONNECTED, ok=true, minWireVersion=0, maxWireVersion=13, maxDocumentSize=16777216, logicalSessionTimeoutMinutes=30, roundTripTimeNanos=719897750, setName='atlas-tpdslm-shard-0', canonicalAddress=ac-lok9myw-shard-00-00.kjuz2h0.mongodb.net:27017, hosts=[ac-lok9myw-shard-00-02.kjuz2h0.mongodb.net:27017, ac-lok9myw-shard-00-01.kjuz2h0.mongodb.net:27017, ac-lok9myw-shard-00-00.kjuz2h0.mongodb.net:27017], passives=[], arbiters=[], primary='ac-lok9myw-shard-00-02.kjuz2h0.mongodb.net:27017', tagSet=TagSet{[Tag{name='nodeType', value='ELECTABLE'}, Tag{name='provider', value='AWS'}, Tag{name='region', value='AP_SOUTH_1'}, Tag{name='workloadType', value='OPERATIONAL'}]}, electionId=null, setVersion=4, topologyVersion=TopologyVersion{processId=62db9437cb6f6bebf518db9e, counter=4}, lastWriteDate=Tue Jul 26 13:43:11 IST 2022, lastUpdateTimeNanos=15365744152167}
2022-07-26 13:43:11.876  INFO 14079 --- [ngodb.net:27017] org.mongodb.driver.cluster               : Setting max election id to 7fffffff0000000000000061 from replica set primary ac-lok9myw-shard-00-02.kjuz2h0.mongodb.net:27017
2022-07-26 13:43:11.878  INFO 14079 --- [ngodb.net:27017] org.mongodb.driver.cluster               : Setting max set version to 4 from replica set primary ac-lok9myw-shard-00-02.kjuz2h0.mongodb.net:27017
2022-07-26 13:43:11.878  INFO 14079 --- [ngodb.net:27017] org.mongodb.driver.cluster               : Discovered replica set primary ac-lok9myw-shard-00-02.kjuz2h0.mongodb.net:27017
2022-07-26 13:43:13.021  INFO 14079 --- [    Test worker] com.example.forum.ForumApplicationTests  : Started ForumApplicationTests in 4.995 seconds (JVM running for 6.404)
=======
2022-07-25 16:49:26.466  INFO 1752913 --- [    Test worker] com.example.forum.ForumApplicationTests  : Starting ForumApplicationTests using Java 17.0.3 on prakhar-Latitude-3420 with PID 1752913 (started by prakhar in /home/prakhar/Desktop/hood-forum/backend)
2022-07-25 16:49:26.467  INFO 1752913 --- [    Test worker] com.example.forum.ForumApplicationTests  : No active profile set, falling back to 1 default profile: "default"
2022-07-25 16:49:26.914  INFO 1752913 --- [    Test worker] .s.d.r.c.RepositoryConfigurationDelegate : Bootstrapping Spring Data MongoDB repositories in DEFAULT mode.
2022-07-25 16:49:26.967  INFO 1752913 --- [    Test worker] .s.d.r.c.RepositoryConfigurationDelegate : Finished Spring Data repository scanning in 48 ms. Found 3 MongoDB repository interfaces.
2022-07-25 16:49:27.335  INFO 1752913 --- [ugi.mongodb.net] org.mongodb.driver.cluster               : Adding discovered server cluster1-shard-00-00.fnugi.mongodb.net:27017 to client view of cluster
2022-07-25 16:49:27.347  INFO 1752913 --- [    Test worker] org.mongodb.driver.client                : MongoClient with metadata {"driver": {"name": "mongo-java-driver|sync|spring-boot", "version": "4.6.1"}, "os": {"type": "Linux", "name": "Linux", "architecture": "amd64", "version": "5.14.0-1045-oem"}, "platform": "Java/Private Build/17.0.3+7-Ubuntu-0ubuntu0.20.04.1"} created with settings MongoClientSettings{readPreference=primary, writeConcern=WriteConcern{w=null, wTimeout=null ms, journal=null}, retryWrites=true, retryReads=true, readConcern=ReadConcern{level=null}, credential=MongoCredential{mechanism=null, userName='user_83', source='admin', password=<hidden>, mechanismProperties=<hidden>}, streamFactoryFactory=null, commandListeners=[], codecRegistry=ProvidersCodecRegistry{codecProviders=[ValueCodecProvider{}, BsonValueCodecProvider{}, DBRefCodecProvider{}, DBObjectCodecProvider{}, DocumentCodecProvider{}, IterableCodecProvider{}, MapCodecProvider{}, GeoJsonCodecProvider{}, GridFSFileCodecProvider{}, Jsr310CodecProvider{}, JsonObjectCodecProvider{}, BsonCodecProvider{}, EnumCodecProvider{}, com.mongodb.Jep395RecordCodecProvider@3f96f020]}, clusterSettings={hosts=[127.0.0.1:27017], srvHost=cluster1.fnugi.mongodb.net, srvServiceName=mongodb, mode=MULTIPLE, requiredClusterType=REPLICA_SET, requiredReplicaSetName='atlas-pkghpa-shard-0', serverSelector='null', clusterListeners='[]', serverSelectionTimeout='30000 ms', localThreshold='30000 ms'}, socketSettings=SocketSettings{connectTimeoutMS=10000, readTimeoutMS=0, receiveBufferSize=0, sendBufferSize=0}, heartbeatSocketSettings=SocketSettings{connectTimeoutMS=10000, readTimeoutMS=10000, receiveBufferSize=0, sendBufferSize=0}, connectionPoolSettings=ConnectionPoolSettings{maxSize=100, minSize=0, maxWaitTimeMS=120000, maxConnectionLifeTimeMS=0, maxConnectionIdleTimeMS=0, maintenanceInitialDelayMS=0, maintenanceFrequencyMS=60000, connectionPoolListeners=[], maxConnecting=2}, serverSettings=ServerSettings{heartbeatFrequencyMS=10000, minHeartbeatFrequencyMS=500, serverListeners='[]', serverMonitorListeners='[]'}, sslSettings=SslSettings{enabled=true, invalidHostNameAllowed=false, context=null}, applicationName='null', compressorList=[], uuidRepresentation=JAVA_LEGACY, serverApi=null, autoEncryptionSettings=null, contextProvider=null}
2022-07-25 16:49:27.351  INFO 1752913 --- [ugi.mongodb.net] org.mongodb.driver.cluster               : Adding discovered server cluster1-shard-00-02.fnugi.mongodb.net:27017 to client view of cluster
2022-07-25 16:49:27.353  INFO 1752913 --- [ugi.mongodb.net] org.mongodb.driver.cluster               : Adding discovered server cluster1-shard-00-01.fnugi.mongodb.net:27017 to client view of cluster
2022-07-25 16:49:27.834  INFO 1752913 --- [ngodb.net:27017] org.mongodb.driver.connection            : Opened connection [connectionId{localValue:5, serverValue:38181}] to cluster1-shard-00-02.fnugi.mongodb.net:27017
2022-07-25 16:49:27.834  INFO 1752913 --- [ngodb.net:27017] org.mongodb.driver.connection            : Opened connection [connectionId{localValue:3, serverValue:38811}] to cluster1-shard-00-00.fnugi.mongodb.net:27017
2022-07-25 16:49:27.834  INFO 1752913 --- [ngodb.net:27017] org.mongodb.driver.connection            : Opened connection [connectionId{localValue:1, serverValue:38820}] to cluster1-shard-00-00.fnugi.mongodb.net:27017
2022-07-25 16:49:27.834  INFO 1752913 --- [ngodb.net:27017] org.mongodb.driver.connection            : Opened connection [connectionId{localValue:4, serverValue:38181}] to cluster1-shard-00-02.fnugi.mongodb.net:27017
2022-07-25 16:49:27.839  INFO 1752913 --- [ngodb.net:27017] org.mongodb.driver.connection            : Opened connection [connectionId{localValue:2, serverValue:38042}] to cluster1-shard-00-01.fnugi.mongodb.net:27017
2022-07-25 16:49:27.840  INFO 1752913 --- [ngodb.net:27017] org.mongodb.driver.connection            : Opened connection [connectionId{localValue:6, serverValue:38042}] to cluster1-shard-00-01.fnugi.mongodb.net:27017
2022-07-25 16:49:27.844  INFO 1752913 --- [ngodb.net:27017] org.mongodb.driver.cluster               : Monitor thread successfully connected to server with description ServerDescription{address=cluster1-shard-00-00.fnugi.mongodb.net:27017, type=REPLICA_SET_SECONDARY, state=CONNECTED, ok=true, minWireVersion=0, maxWireVersion=13, maxDocumentSize=16777216, logicalSessionTimeoutMinutes=30, roundTripTimeNanos=268469497, setName='atlas-pkghpa-shard-0', canonicalAddress=cluster1-shard-00-00.fnugi.mongodb.net:27017, hosts=[cluster1-shard-00-01.fnugi.mongodb.net:27017, cluster1-shard-00-02.fnugi.mongodb.net:27017, cluster1-shard-00-00.fnugi.mongodb.net:27017], passives=[], arbiters=[], primary='cluster1-shard-00-01.fnugi.mongodb.net:27017', tagSet=TagSet{[Tag{name='nodeType', value='ELECTABLE'}, Tag{name='provider', value='AWS'}, Tag{name='region', value='AP_SOUTH_1'}, Tag{name='workloadType', value='OPERATIONAL'}]}, electionId=null, setVersion=7, topologyVersion=TopologyVersion{processId=62dd36553decadf874bc7edf, counter=4}, lastWriteDate=Mon Jul 25 16:49:27 IST 2022, lastUpdateTimeNanos=144957738354972}
2022-07-25 16:49:27.844  INFO 1752913 --- [ngodb.net:27017] org.mongodb.driver.cluster               : Monitor thread successfully connected to server with description ServerDescription{address=cluster1-shard-00-01.fnugi.mongodb.net:27017, type=REPLICA_SET_PRIMARY, state=CONNECTED, ok=true, minWireVersion=0, maxWireVersion=13, maxDocumentSize=16777216, logicalSessionTimeoutMinutes=30, roundTripTimeNanos=252086131, setName='atlas-pkghpa-shard-0', canonicalAddress=cluster1-shard-00-01.fnugi.mongodb.net:27017, hosts=[cluster1-shard-00-01.fnugi.mongodb.net:27017, cluster1-shard-00-02.fnugi.mongodb.net:27017, cluster1-shard-00-00.fnugi.mongodb.net:27017], passives=[], arbiters=[], primary='cluster1-shard-00-01.fnugi.mongodb.net:27017', tagSet=TagSet{[Tag{name='nodeType', value='ELECTABLE'}, Tag{name='provider', value='AWS'}, Tag{name='region', value='AP_SOUTH_1'}, Tag{name='workloadType', value='OPERATIONAL'}]}, electionId=7fffffff000000000000011b, setVersion=7, topologyVersion=TopologyVersion{processId=62dd3760fb5701e0a2079466, counter=6}, lastWriteDate=Mon Jul 25 16:49:27 IST 2022, lastUpdateTimeNanos=144957743901377}
2022-07-25 16:49:27.844  INFO 1752913 --- [ngodb.net:27017] org.mongodb.driver.cluster               : Monitor thread successfully connected to server with description ServerDescription{address=cluster1-shard-00-02.fnugi.mongodb.net:27017, type=REPLICA_SET_SECONDARY, state=CONNECTED, ok=true, minWireVersion=0, maxWireVersion=13, maxDocumentSize=16777216, logicalSessionTimeoutMinutes=30, roundTripTimeNanos=269489803, setName='atlas-pkghpa-shard-0', canonicalAddress=cluster1-shard-00-02.fnugi.mongodb.net:27017, hosts=[cluster1-shard-00-01.fnugi.mongodb.net:27017, cluster1-shard-00-02.fnugi.mongodb.net:27017, cluster1-shard-00-00.fnugi.mongodb.net:27017], passives=[], arbiters=[], primary='cluster1-shard-00-01.fnugi.mongodb.net:27017', tagSet=TagSet{[Tag{name='nodeType', value='ELECTABLE'}, Tag{name='provider', value='AWS'}, Tag{name='region', value='AP_SOUTH_1'}, Tag{name='workloadType', value='OPERATIONAL'}]}, electionId=null, setVersion=7, topologyVersion=TopologyVersion{processId=62dd38595ad8fc61710af604, counter=3}, lastWriteDate=Mon Jul 25 16:49:27 IST 2022, lastUpdateTimeNanos=144957738355003}
2022-07-25 16:49:27.846  INFO 1752913 --- [ngodb.net:27017] org.mongodb.driver.cluster               : Setting max election id to 7fffffff000000000000011b from replica set primary cluster1-shard-00-01.fnugi.mongodb.net:27017
2022-07-25 16:49:27.847  INFO 1752913 --- [ngodb.net:27017] org.mongodb.driver.cluster               : Setting max set version to 7 from replica set primary cluster1-shard-00-01.fnugi.mongodb.net:27017
2022-07-25 16:49:27.847  INFO 1752913 --- [ngodb.net:27017] org.mongodb.driver.cluster               : Discovered replica set primary cluster1-shard-00-01.fnugi.mongodb.net:27017
2022-07-25 16:49:28.270  INFO 1752913 --- [    Test worker] com.example.forum.ForumApplicationTests  : Started ForumApplicationTests in 1.979 seconds (JVM running for 2.833)
>>>>>>> 66bb009ce3b9816478d9a4f1727e7cc2c0a3ce2e
]]></system-out>
  <system-err><![CDATA[]]></system-err>
</testsuite>
